added manifest
adding: build.xml(in = 5821) (out= 1875)(deflated 67%)
adding: causalwebserver.iml(in = 12902) (out= 2078)(deflated 83%)
adding: deploy.sh(in = 53) (out= 48)(deflated 9%)
adding: dist/(in = 0) (out= 0)(stored 0%)
adding: jar.log(in = 243) (out= 141)(deflated 41%)
adding: pom.xml(in = 7353) (out= 1291)(deflated 82%)
adding: src/(in = 0) (out= 0)(stored 0%)
adding: src/main/(in = 0) (out= 0)(stored 0%)
adding: src/main/webapp/(in = 0) (out= 0)(stored 0%)
adding: src/main/webapp/index.jsp(in = 45) (out= 36)(deflated 20%)
adding: src/main/webapp/lib/(in = 0) (out= 0)(stored 0%)
adding: src/main/webapp/classes/(in = 0) (out= 0)(stored 0%)
adding: src/main/java/(in = 0) (out= 0)(stored 0%)
adding: src/main/java/com/(in = 0) (out= 0)(stored 0%)
adding: src/main/java/com/server/(in = 0) (out= 0)(stored 0%)
adding: src/main/java/com/server/MongodbService.java(in = 4430) (out= 870)(deflated 80%)
adding: src/main/java/com/server/RedisService.java(in = 4146) (out= 940)(deflated 77%)
adding: src/main/java/com/server/MysqlService.java(in = 3588) (out= 844)(deflated 76%)
adding: src/main/java/com/server/PostgresxlService.java(in = 3565) (out= 824)(deflated 76%)
adding: src/main/java/com/server/HBaseService.java(in = 4867) (out= 923)(deflated 81%)
adding: src/main/java/com/server/CassandraService.java(in = 5046) (out= 1089)(deflated 78%)
adding: src/main/java/com/operation/(in = 0) (out= 0)(stored 0%)
adding: src/main/java/com/operation/RedisOp.java(in = 5871) (out= 1209)(deflated 79%)
adding: src/main/java/com/operation/Operation.java(in = 643) (out= 296)(deflated 53%)
adding: src/main/java/com/operation/AddressTranslate.java(in = 1465) (out= 420)(deflated 71%)
adding: src/main/java/com/operation/PostgresxlOp.java(in = 7586) (out= 1517)(deflated 80%)
adding: src/main/java/com/operation/MongodbOp.java(in = 13813) (out= 2135)(deflated 84%)
adding: src/main/java/com/operation/MysqlOp.java(in = 7991) (out= 1646)(deflated 79%)
adding: src/main/java/com/operation/CassandraOp.java(in = 9742) (out= 2168)(deflated 77%)
adding: src/main/java/com/operation/HbaseOp.java(in = 6805) (out= 1529)(deflated 77%)
adding: src/main/resources/(in = 0) (out= 0)(stored 0%)
adding: src/main/resources/conf.properties(in = 2117) (out= 846)(deflated 60%)
