added manifest
adding: bin/(in = 0) (out= 0)(stored 0%)
adding: bin/ycsb.bat(in = 8237) (out= 2703)(deflated 67%)
adding: bin/ycsb(in = 14952) (out= 4810)(deflated 67%)
adding: bin/bindings.properties(in = 3433) (out= 1140)(deflated 66%)
adding: bin/ycsb.sh(in = 8973) (out= 3014)(deflated 66%)
adding: binding-parent/(in = 0) (out= 0)(stored 0%)
adding: binding-parent/pom.xml(in = 5455) (out= 1484)(deflated 72%)
adding: binding-parent/datastore-specific-descriptor/(in = 0) (out= 0)(stored 0%)
adding: binding-parent/datastore-specific-descriptor/datastore-specific-descriptor.iml(in = 1193) (out= 476)(deflated 60%)
adding: binding-parent/datastore-specific-descriptor/pom.xml(in = 1538) (out= 765)(deflated 50%)
adding: binding-parent/datastore-specific-descriptor/target/(in = 0) (out= 0)(stored 0%)
adding: binding-parent/datastore-specific-descriptor/target/classes/(in = 0) (out= 0)(stored 0%)
adding: binding-parent/datastore-specific-descriptor/target/classes/assemblies/(in = 0) (out= 0)(stored 0%)
adding: binding-parent/datastore-specific-descriptor/target/classes/assemblies/datastore-specific-assembly.xml(in = 2702) (out= 882)(deflated 67%)
adding: binding-parent/datastore-specific-descriptor/target/datastore-specific-descriptor-0.16.0-SNAPSHOT.jar(in = 3248) (out= 2332)(deflated 28%)
adding: binding-parent/datastore-specific-descriptor/target/maven-archiver/(in = 0) (out= 0)(stored 0%)
adding: binding-parent/datastore-specific-descriptor/target/maven-archiver/pom.properties(in = 138) (out= 129)(deflated 6%)
adding: binding-parent/datastore-specific-descriptor/src/(in = 0) (out= 0)(stored 0%)
adding: binding-parent/datastore-specific-descriptor/src/main/(in = 0) (out= 0)(stored 0%)
adding: binding-parent/datastore-specific-descriptor/src/main/resources/(in = 0) (out= 0)(stored 0%)
adding: binding-parent/datastore-specific-descriptor/src/main/resources/assemblies/(in = 0) (out= 0)(stored 0%)
adding: binding-parent/datastore-specific-descriptor/src/main/resources/assemblies/datastore-specific-assembly.xml(in = 2702) (out= 882)(deflated 67%)
adding: binding-parent/binding-parent.iml(in = 574) (out= 309)(deflated 46%)
adding: causaltest.iml(in = 335) (out= 220)(deflated 34%)
adding: causalwebserver/(in = 0) (out= 0)(stored 0%)
adding: causalwebserver/pom.xml(in = 6874) (out= 1087)(deflated 84%)
adding: causalwebserver/causalwebserver.iml(in = 12902) (out= 2078)(deflated 83%)
adding: causalwebserver/target/(in = 0) (out= 0)(stored 0%)
adding: causalwebserver/target/maven-status/(in = 0) (out= 0)(stored 0%)
adding: causalwebserver/target/maven-status/maven-compiler-plugin/(in = 0) (out= 0)(stored 0%)
adding: causalwebserver/target/maven-status/maven-compiler-plugin/compile/(in = 0) (out= 0)(stored 0%)
adding: causalwebserver/target/maven-status/maven-compiler-plugin/compile/default-compile/(in = 0) (out= 0)(stored 0%)
adding: causalwebserver/target/maven-status/maven-compiler-plugin/compile/default-compile/inputFiles.lst(in = 1179) (out= 173)(deflated 85%)
adding: causalwebserver/target/maven-status/maven-compiler-plugin/compile/default-compile/createdFiles.lst(in = 437) (out= 137)(deflated 68%)
adding: causalwebserver/target/causalwebserver-0.16.0-SNAPSHOT.jar(in = 60076) (out= 56761)(deflated 5%)
adding: causalwebserver/target/generated-sources/(in = 0) (out= 0)(stored 0%)
adding: causalwebserver/target/generated-sources/annotations/(in = 0) (out= 0)(stored 0%)
adding: causalwebserver/target/classes/(in = 0) (out= 0)(stored 0%)
adding: causalwebserver/target/classes/com/(in = 0) (out= 0)(stored 0%)
adding: causalwebserver/target/classes/com/server/(in = 0) (out= 0)(stored 0%)
adding: causalwebserver/target/classes/com/server/MongodbService.class(in = 3715) (out= 1876)(deflated 49%)
adding: causalwebserver/target/classes/com/server/MysqlService.class(in = 3322) (out= 1724)(deflated 48%)
adding: causalwebserver/target/classes/com/server/MongodbService.java(in = 4430) (out= 870)(deflated 80%)
adding: causalwebserver/target/classes/com/server/RedisService.java(in = 4146) (out= 940)(deflated 77%)
adding: causalwebserver/target/classes/com/server/MysqlService.java(in = 3588) (out= 844)(deflated 76%)
adding: causalwebserver/target/classes/com/server/CassandraService.class(in = 4537) (out= 2208)(deflated 51%)
adding: causalwebserver/target/classes/com/server/PostgresxlService.java(in = 3565) (out= 824)(deflated 76%)
adding: causalwebserver/target/classes/com/server/RedisService.class(in = 3124) (out= 1613)(deflated 48%)
adding: causalwebserver/target/classes/com/server/PostgresxlService.class(in = 3362) (out= 1734)(deflated 48%)
adding: causalwebserver/target/classes/com/server/HBaseService.java(in = 4867) (out= 923)(deflated 81%)
adding: causalwebserver/target/classes/com/server/HBaseService.class(in = 4301) (out= 2124)(deflated 50%)
adding: causalwebserver/target/classes/com/server/CassandraService.java(in = 5046) (out= 1089)(deflated 78%)
adding: causalwebserver/target/classes/com/operation/(in = 0) (out= 0)(stored 0%)
adding: causalwebserver/target/classes/com/operation/PostgresxlOp.class(in = 7293) (out= 3411)(deflated 53%)
adding: causalwebserver/target/classes/com/operation/RedisOp.java(in = 5871) (out= 1209)(deflated 79%)
adding: causalwebserver/target/classes/com/operation/AddressTranslate.class(in = 1418) (out= 666)(deflated 53%)
adding: causalwebserver/target/classes/com/operation/CassandraOp.class(in = 13031) (out= 5453)(deflated 58%)
adding: causalwebserver/target/classes/com/operation/RedisOp.class(in = 6336) (out= 2709)(deflated 57%)
adding: causalwebserver/target/classes/com/operation/MysqlOp.class(in = 7923) (out= 3745)(deflated 52%)
adding: causalwebserver/target/classes/com/operation/MongodbOp.class(in = 10956) (out= 4987)(deflated 54%)
adding: causalwebserver/target/classes/com/operation/Operation.java(in = 643) (out= 296)(deflated 53%)
adding: causalwebserver/target/classes/com/operation/AddressTranslate.java(in = 1465) (out= 420)(deflated 71%)
adding: causalwebserver/target/classes/com/operation/HbaseOp.class(in = 8808) (out= 3780)(deflated 57%)
adding: causalwebserver/target/classes/com/operation/Operation.class(in = 683) (out= 268)(deflated 60%)
adding: causalwebserver/target/classes/com/operation/PostgresxlOp.java(in = 7586) (out= 1517)(deflated 80%)
adding: causalwebserver/target/classes/com/operation/MongodbOp.java(in = 13813) (out= 2135)(deflated 84%)
adding: causalwebserver/target/classes/com/operation/MysqlOp.java(in = 7991) (out= 1646)(deflated 79%)
adding: causalwebserver/target/classes/com/operation/CassandraOp.java(in = 9742) (out= 2168)(deflated 77%)
adding: causalwebserver/target/classes/com/operation/HbaseOp.java(in = 6805) (out= 1529)(deflated 77%)
adding: causalwebserver/target/classes/conf.properties(in = 2117) (out= 846)(deflated 60%)
adding: causalwebserver/target/maven-archiver/(in = 0) (out= 0)(stored 0%)
adding: causalwebserver/target/maven-archiver/pom.properties(in = 124) (out= 121)(deflated 2%)
adding: causalwebserver/src/(in = 0) (out= 0)(stored 0%)
adding: causalwebserver/src/main/(in = 0) (out= 0)(stored 0%)
adding: causalwebserver/src/main/webapp/(in = 0) (out= 0)(stored 0%)
adding: causalwebserver/src/main/webapp/index.jsp(in = 45) (out= 36)(deflated 20%)
adding: causalwebserver/src/main/java/(in = 0) (out= 0)(stored 0%)
adding: causalwebserver/src/main/java/com/(in = 0) (out= 0)(stored 0%)
adding: causalwebserver/src/main/java/com/server/(in = 0) (out= 0)(stored 0%)
adding: causalwebserver/src/main/java/com/server/MongodbService.java(in = 4430) (out= 870)(deflated 80%)
adding: causalwebserver/src/main/java/com/server/RedisService.java(in = 4146) (out= 940)(deflated 77%)
adding: causalwebserver/src/main/java/com/server/MysqlService.java(in = 3588) (out= 844)(deflated 76%)
adding: causalwebserver/src/main/java/com/server/PostgresxlService.java(in = 3565) (out= 824)(deflated 76%)
adding: causalwebserver/src/main/java/com/server/HBaseService.java(in = 4867) (out= 923)(deflated 81%)
adding: causalwebserver/src/main/java/com/server/CassandraService.java(in = 5046) (out= 1089)(deflated 78%)
adding: causalwebserver/src/main/java/com/operation/(in = 0) (out= 0)(stored 0%)
adding: causalwebserver/src/main/java/com/operation/RedisOp.java(in = 5871) (out= 1209)(deflated 79%)
adding: causalwebserver/src/main/java/com/operation/Operation.java(in = 643) (out= 296)(deflated 53%)
adding: causalwebserver/src/main/java/com/operation/AddressTranslate.java(in = 1465) (out= 420)(deflated 71%)
adding: causalwebserver/src/main/java/com/operation/PostgresxlOp.java(in = 7586) (out= 1517)(deflated 80%)
adding: causalwebserver/src/main/java/com/operation/MongodbOp.java(in = 13813) (out= 2135)(deflated 84%)
adding: causalwebserver/src/main/java/com/operation/MysqlOp.java(in = 7991) (out= 1646)(deflated 79%)
adding: causalwebserver/src/main/java/com/operation/CassandraOp.java(in = 9742) (out= 2168)(deflated 77%)
adding: causalwebserver/src/main/java/com/operation/HbaseOp.java(in = 6805) (out= 1529)(deflated 77%)
adding: causalwebserver/src/main/resources/(in = 0) (out= 0)(stored 0%)
adding: causalwebserver/src/main/resources/conf.properties(in = 2117) (out= 846)(deflated 60%)
adding: core/(in = 0) (out= 0)(stored 0%)
adding: core/core.iml(in = 1760) (out= 556)(deflated 68%)
adding: core/pom.xml(in = 3055) (out= 1111)(deflated 63%)
adding: core/CHANGES.md(in = 4489) (out= 2051)(deflated 54%)
adding: core/target/(in = 0) (out= 0)(stored 0%)
adding: core/target/maven-status/(in = 0) (out= 0)(stored 0%)
adding: core/target/maven-status/maven-compiler-plugin/(in = 0) (out= 0)(stored 0%)
adding: core/target/maven-status/maven-compiler-plugin/compile/(in = 0) (out= 0)(stored 0%)
adding: core/target/maven-status/maven-compiler-plugin/compile/default-compile/(in = 0) (out= 0)(stored 0%)
adding: core/target/maven-status/maven-compiler-plugin/compile/default-compile/inputFiles.lst(in = 5392) (out= 582)(deflated 89%)
adding: core/target/maven-status/maven-compiler-plugin/compile/default-compile/createdFiles.lst(in = 3567) (out= 670)(deflated 81%)
adding: core/target/maven-status/maven-compiler-plugin/testCompile/(in = 0) (out= 0)(stored 0%)
adding: core/target/maven-status/maven-compiler-plugin/testCompile/default-testCompile/(in = 0) (out= 0)(stored 0%)
adding: core/target/maven-status/maven-compiler-plugin/testCompile/default-testCompile/inputFiles.lst(in = 1139) (out= 236)(deflated 79%)
adding: core/target/maven-status/maven-compiler-plugin/testCompile/default-testCompile/createdFiles.lst(in = 696) (out= 225)(deflated 67%)
adding: core/target/surefire-reports/(in = 0) (out= 0)(stored 0%)
adding: core/target/surefire-reports/junitreports/(in = 0) (out= 0)(stored 0%)
adding: core/target/surefire-reports/junitreports/TEST-com.yahoo.ycsb.TestNumericByteIterator.xml(in = 469) (out= 248)(deflated 47%)
adding: core/target/surefire-reports/junitreports/TEST-com.yahoo.ycsb.workloads.TestCoreWorkload.xml(in = 518) (out= 264)(deflated 49%)
adding: core/target/surefire-reports/junitreports/TEST-com.yahoo.ycsb.TestByteIterator.xml(in = 373) (out= 235)(deflated 36%)
adding: core/target/surefire-reports/junitreports/TEST-com.yahoo.ycsb.TestUtils.xml(in = 792) (out= 279)(deflated 64%)
adding: core/target/surefire-reports/junitreports/TEST-com.yahoo.ycsb.generator.TestUnixEpochTimestampGenerator.xml(in = 804) (out= 289)(deflated 64%)
adding: core/target/surefire-reports/junitreports/TEST-com.yahoo.ycsb.generator.TestRandomDiscreteTimestampGenerator.xml(in = 660) (out= 270)(deflated 59%)
adding: core/target/surefire-reports/junitreports/TEST-com.yahoo.ycsb.measurements.exporter.TestMeasurementsExporter.xml(in = 444) (out= 250)(deflated 43%)
adding: core/target/surefire-reports/junitreports/TEST-com.yahoo.ycsb.generator.TestIncrementingPrintableStringGenerator.xml(in = 1096) (out= 306)(deflated 72%)
adding: core/target/surefire-reports/junitreports/TEST-com.yahoo.ycsb.workloads.TestTimeSeriesWorkload.xml(in = 1808) (out= 408)(deflated 77%)
adding: core/target/surefire-reports/junitreports/TEST-com.yahoo.ycsb.generator.AcknowledgedCounterGeneratorTest.xml(in = 435) (out= 261)(deflated 40%)
adding: core/target/surefire-reports/junitreports/TEST-com.yahoo.ycsb.TestStatus.xml(in = 359) (out= 232)(deflated 35%)
adding: core/target/surefire-reports/junitreports/TEST-com.yahoo.ycsb.generator.TestZipfianGenerator.xml(in = 401) (out= 247)(deflated 38%)
adding: core/target/surefire-reports/index.html(in = 748) (out= 323)(deflated 56%)
adding: core/target/surefire-reports/TEST-TestSuite.xml(in = 9298) (out= 1856)(deflated 80%)
adding: core/target/surefire-reports/testng.css(in = 312) (out= 149)(deflated 52%)
adding: core/target/surefire-reports/emailable-report.html(in = 19294) (out= 2779)(deflated 85%)
adding: core/target/surefire-reports/Command line suite/(in = 0) (out= 0)(stored 0%)
adding: core/target/surefire-reports/Command line suite/methods-alphabetical.html(in = 12550) (out= 1370)(deflated 89%)
adding: core/target/surefire-reports/Command line suite/methods-not-run.html(in = 50) (out= 46)(deflated 8%)
adding: core/target/surefire-reports/Command line suite/Command line test.html(in = 47379) (out= 3526)(deflated 92%)
adding: core/target/surefire-reports/Command line suite/classes.html(in = 7724) (out= 798)(deflated 89%)
adding: core/target/surefire-reports/Command line suite/toc.html(in = 1200) (out= 446)(deflated 62%)
adding: core/target/surefire-reports/Command line suite/index.html(in = 191) (out= 128)(deflated 32%)
adding: core/target/surefire-reports/Command line suite/Command line test.xml(in = 4899) (out= 817)(deflated 83%)
adding: core/target/surefire-reports/Command line suite/methods.html(in = 12532) (out= 1330)(deflated 89%)
adding: core/target/surefire-reports/Command line suite/groups.html(in = 38) (out= 39)(deflated -2%)
adding: core/target/surefire-reports/Command line suite/reporter-output.html(in = 39) (out= 35)(deflated 10%)
adding: core/target/surefire-reports/Command line suite/testng.xml.html(in = 1917) (out= 442)(deflated 76%)
adding: core/target/surefire-reports/Command line suite/main.html(in = 124) (out= 100)(deflated 19%)
adding: core/target/surefire-reports/Command line suite/Command line test.properties(in = 31) (out= 33)(deflated -6%)
adding: core/target/surefire-reports/testng-results.xml(in = 34940) (out= 2524)(deflated 92%)
adding: core/target/surefire-reports/TestSuite.txt(in = 255) (out= 89)(deflated 65%)
adding: core/target/test-classes/(in = 0) (out= 0)(stored 0%)
adding: core/target/test-classes/com/(in = 0) (out= 0)(stored 0%)
adding: core/target/test-classes/com/yahoo/(in = 0) (out= 0)(stored 0%)
adding: core/target/test-classes/com/yahoo/ycsb/(in = 0) (out= 0)(stored 0%)
adding: core/target/test-classes/com/yahoo/ycsb/generator/(in = 0) (out= 0)(stored 0%)
adding: core/target/test-classes/com/yahoo/ycsb/generator/TestIncrementingPrintableStringGenerator.class(in = 2858) (out= 1373)(deflated 51%)
adding: core/target/test-classes/com/yahoo/ycsb/generator/TestUnixEpochTimestampGenerator.class(in = 2824) (out= 1205)(deflated 57%)
adding: core/target/test-classes/com/yahoo/ycsb/generator/TestRandomDiscreteTimestampGenerator.class(in = 2479) (out= 1253)(deflated 49%)
adding: core/target/test-classes/com/yahoo/ycsb/generator/AcknowledgedCounterGeneratorTest.class(in = 1814) (out= 1017)(deflated 43%)
adding: core/target/test-classes/com/yahoo/ycsb/generator/TestZipfianGenerator.class(in = 1024) (out= 631)(deflated 38%)
adding: core/target/test-classes/com/yahoo/ycsb/workloads/(in = 0) (out= 0)(stored 0%)
adding: core/target/test-classes/com/yahoo/ycsb/workloads/TestTimeSeriesWorkload.class(in = 12807) (out= 5088)(deflated 60%)
adding: core/target/test-classes/com/yahoo/ycsb/workloads/TestCoreWorkload.class(in = 2019) (out= 1151)(deflated 42%)
adding: core/target/test-classes/com/yahoo/ycsb/workloads/TestTimeSeriesWorkload$MockDB.class(in = 4503) (out= 1809)(deflated 59%)
adding: core/target/test-classes/com/yahoo/ycsb/TestNumericByteIterator.class(in = 2410) (out= 1198)(deflated 50%)
adding: core/target/test-classes/com/yahoo/ycsb/TestStatus.class(in = 920) (out= 572)(deflated 37%)
adding: core/target/test-classes/com/yahoo/ycsb/TestUtils.class(in = 3812) (out= 1856)(deflated 51%)
adding: core/target/test-classes/com/yahoo/ycsb/TestByteIterator.class(in = 1051) (out= 616)(deflated 41%)
adding: core/target/test-classes/com/yahoo/ycsb/measurements/(in = 0) (out= 0)(stored 0%)
adding: core/target/test-classes/com/yahoo/ycsb/measurements/exporter/(in = 0) (out= 0)(stored 0%)
adding: core/target/test-classes/com/yahoo/ycsb/measurements/exporter/TestMeasurementsExporter.class(in = 2811) (out= 1391)(deflated 50%)
adding: core/target/generated-test-sources/(in = 0) (out= 0)(stored 0%)
adding: core/target/generated-test-sources/test-annotations/(in = 0) (out= 0)(stored 0%)
adding: core/target/core-0.16.0-SNAPSHOT.jar(in = 161389) (out= 151742)(deflated 5%)
adding: core/target/generated-sources/(in = 0) (out= 0)(stored 0%)
adding: core/target/generated-sources/annotations/(in = 0) (out= 0)(stored 0%)
adding: core/target/classes/(in = 0) (out= 0)(stored 0%)
adding: core/target/classes/com/(in = 0) (out= 0)(stored 0%)
adding: core/target/classes/com/yahoo/(in = 0) (out= 0)(stored 0%)
adding: core/target/classes/com/yahoo/ycsb/(in = 0) (out= 0)(stored 0%)
adding: core/target/classes/com/yahoo/ycsb/TimeseriesDB.class(in = 9762) (out= 4095)(deflated 58%)
adding: core/target/classes/com/yahoo/ycsb/Workload.class(in = 1474) (out= 757)(deflated 48%)
adding: core/target/classes/com/yahoo/ycsb/RandomByteIterator.class(in = 1783) (out= 1022)(deflated 42%)
adding: core/target/classes/com/yahoo/ycsb/Utils.class(in = 4845) (out= 2457)(deflated 49%)
adding: core/target/classes/com/yahoo/ycsb/ByteIterator.class(in = 1947) (out= 1047)(deflated 46%)
adding: core/target/classes/com/yahoo/ycsb/generator/(in = 0) (out= 0)(stored 0%)
adding: core/target/classes/com/yahoo/ycsb/generator/ScrambledZipfianGenerator.class(in = 2473) (out= 1333)(deflated 46%)
adding: core/target/classes/com/yahoo/ycsb/generator/DiscreteGenerator.class(in = 2220) (out= 1101)(deflated 50%)
adding: core/target/classes/com/yahoo/ycsb/generator/ConstantIntegerGenerator.class(in = 764) (out= 413)(deflated 45%)
adding: core/target/classes/com/yahoo/ycsb/generator/UniformGenerator.class(in = 1616) (out= 746)(deflated 53%)
adding: core/target/classes/com/yahoo/ycsb/generator/IncrementingPrintableStringGenerator.class(in = 6107) (out= 2783)(deflated 54%)
adding: core/target/classes/com/yahoo/ycsb/generator/SequentialGenerator.class(in = 1518) (out= 790)(deflated 47%)
adding: core/target/classes/com/yahoo/ycsb/generator/UniformLongGenerator.class(in = 1130) (out= 638)(deflated 43%)
adding: core/target/classes/com/yahoo/ycsb/generator/HistogramGenerator.class(in = 3078) (out= 1726)(deflated 43%)
adding: core/target/classes/com/yahoo/ycsb/generator/CounterGenerator.class(in = 1282) (out= 645)(deflated 49%)
adding: core/target/classes/com/yahoo/ycsb/generator/SkewedLatestGenerator.class(in = 1891) (out= 983)(deflated 48%)
adding: core/target/classes/com/yahoo/ycsb/generator/NumberGenerator.class(in = 799) (out= 384)(deflated 51%)
adding: core/target/classes/com/yahoo/ycsb/generator/UnixEpochTimestampGenerator.class(in = 2934) (out= 1398)(deflated 52%)
adding: core/target/classes/com/yahoo/ycsb/generator/ZipfianGenerator.class(in = 3915) (out= 2093)(deflated 46%)
adding: core/target/classes/com/yahoo/ycsb/generator/HotspotIntegerGenerator.class(in = 2370) (out= 1237)(deflated 47%)
adding: core/target/classes/com/yahoo/ycsb/generator/RandomDiscreteTimestampGenerator.class(in = 2307) (out= 1212)(deflated 47%)
adding: core/target/classes/com/yahoo/ycsb/generator/ExponentialGenerator.class(in = 2088) (out= 1107)(deflated 46%)
adding: core/target/classes/com/yahoo/ycsb/generator/FileGenerator.class(in = 2015) (out= 1053)(deflated 47%)
adding: core/target/classes/com/yahoo/ycsb/generator/DiscreteGenerator$Pair.class(in = 966) (out= 473)(deflated 51%)
adding: core/target/classes/com/yahoo/ycsb/generator/AcknowledgedCounterGenerator.class(in = 1817) (out= 1054)(deflated 41%)
adding: core/target/classes/com/yahoo/ycsb/generator/UnixEpochTimestampGenerator$1.class(in = 1021) (out= 586)(deflated 42%)
adding: core/target/classes/com/yahoo/ycsb/generator/Generator.class(in = 971) (out= 467)(deflated 51%)
adding: core/target/classes/com/yahoo/ycsb/Client.class(in = 20682) (out= 9924)(deflated 52%)
adding: core/target/classes/com/yahoo/ycsb/DBException.class(in = 787) (out= 416)(deflated 47%)
adding: core/target/classes/com/yahoo/ycsb/DB.class(in = 2325) (out= 836)(deflated 64%)
adding: core/target/classes/com/yahoo/ycsb/StatusThread.class(in = 6561) (out= 3397)(deflated 48%)
adding: core/target/classes/com/yahoo/ycsb/workloads/(in = 0) (out= 0)(stored 0%)
adding: core/target/classes/com/yahoo/ycsb/workloads/TimeSeriesWorkload.class(in = 21352) (out= 9840)(deflated 53%)
adding: core/target/classes/com/yahoo/ycsb/workloads/TimeSeriesWorkload$ThreadState.class(in = 6805) (out= 3464)(deflated 49%)
adding: core/target/classes/com/yahoo/ycsb/workloads/TimeSeriesWorkload$ValueType.class(in = 1970) (out= 997)(deflated 49%)
adding: core/target/classes/com/yahoo/ycsb/workloads/TimeSeriesWorkload$1.class(in = 905) (out= 510)(deflated 43%)
adding: core/target/classes/com/yahoo/ycsb/workloads/RestWorkload.class(in = 61117) (out= 18520)(deflated 69%)
adding: core/target/classes/com/yahoo/ycsb/workloads/CoreWorkload.class(in = 18210) (out= 8743)(deflated 51%)
adding: core/target/classes/com/yahoo/ycsb/workloads/ConstantOccupancyWorkload.class(in = 2623) (out= 1320)(deflated 49%)
adding: core/target/classes/com/yahoo/ycsb/ClientThread.class(in = 4231) (out= 2242)(deflated 47%)
adding: core/target/classes/com/yahoo/ycsb/TerminatorThread.class(in = 2355) (out= 1290)(deflated 45%)
adding: core/target/classes/com/yahoo/ycsb/UnknownDBException.class(in = 808) (out= 431)(deflated 46%)
adding: core/target/classes/com/yahoo/ycsb/Status.class(in = 2621) (out= 1436)(deflated 45%)
adding: core/target/classes/com/yahoo/ycsb/BasicDB$1.class(in = 682) (out= 376)(deflated 44%)
adding: core/target/classes/com/yahoo/ycsb/StringByteIterator.class(in = 3526) (out= 1341)(deflated 61%)
adding: core/target/classes/com/yahoo/ycsb/DBWrapper.class(in = 9829) (out= 4159)(deflated 57%)
adding: core/target/classes/com/yahoo/ycsb/DBFactory.class(in = 1488) (out= 752)(deflated 49%)
adding: core/target/classes/com/yahoo/ycsb/InputStreamByteIterator.class(in = 1675) (out= 946)(deflated 43%)
adding: core/target/classes/com/yahoo/ycsb/BasicDB.class(in = 10198) (out= 4369)(deflated 57%)
adding: core/target/classes/com/yahoo/ycsb/GoodBadUglyDB.class(in = 4807) (out= 2092)(deflated 56%)
adding: core/target/classes/com/yahoo/ycsb/TimeseriesDB$AggregationOperation.class(in = 1399) (out= 693)(deflated 50%)
adding: core/target/classes/com/yahoo/ycsb/Client$1.class(in = 857) (out= 550)(deflated 35%)
adding: core/target/classes/com/yahoo/ycsb/RemainingFormatter.class(in = 1428) (out= 856)(deflated 40%)
adding: core/target/classes/com/yahoo/ycsb/NumericByteIterator.class(in = 1580) (out= 816)(deflated 48%)
adding: core/target/classes/com/yahoo/ycsb/BasicTSDB.class(in = 8961) (out= 3912)(deflated 56%)
adding: core/target/classes/com/yahoo/ycsb/CommandLine.class(in = 10893) (out= 5238)(deflated 51%)
adding: core/target/classes/com/yahoo/ycsb/Workload$Operation.class(in = 1243) (out= 655)(deflated 47%)
adding: core/target/classes/com/yahoo/ycsb/ByteArrayByteIterator.class(in = 1052) (out= 602)(deflated 42%)
adding: core/target/classes/com/yahoo/ycsb/WorkloadException.class(in = 805) (out= 435)(deflated 45%)
adding: core/target/classes/com/yahoo/ycsb/measurements/(in = 0) (out= 0)(stored 0%)
adding: core/target/classes/com/yahoo/ycsb/measurements/OneMeasurement.class(in = 2630) (out= 1215)(deflated 53%)
adding: core/target/classes/com/yahoo/ycsb/measurements/SeriesUnit.class(in = 436) (out= 303)(deflated 30%)
adding: core/target/classes/com/yahoo/ycsb/measurements/Measurements$2.class(in = 1096) (out= 574)(deflated 47%)
adding: core/target/classes/com/yahoo/ycsb/measurements/Measurements$MeasurementType.class(in = 1510) (out= 703)(deflated 53%)
adding: core/target/classes/com/yahoo/ycsb/measurements/OneMeasurementHdrHistogram.class(in = 7545) (out= 3762)(deflated 50%)
adding: core/target/classes/com/yahoo/ycsb/measurements/Measurements$1.class(in = 1001) (out= 462)(deflated 53%)
adding: core/target/classes/com/yahoo/ycsb/measurements/OneMeasurementRaw$RawDataPointComparator.class(in = 1370) (out= 555)(deflated 59%)
adding: core/target/classes/com/yahoo/ycsb/measurements/Measurements$StartTimeHolder.class(in = 641) (out= 377)(deflated 41%)
adding: core/target/classes/com/yahoo/ycsb/measurements/TwoInOneMeasurement.class(in = 1570) (out= 691)(deflated 55%)
adding: core/target/classes/com/yahoo/ycsb/measurements/Measurements.class(in = 8068) (out= 3658)(deflated 54%)
adding: core/target/classes/com/yahoo/ycsb/measurements/OneMeasurementHistogram.class(in = 3776) (out= 1955)(deflated 48%)
adding: core/target/classes/com/yahoo/ycsb/measurements/OneMeasurementTimeSeries.class(in = 3868) (out= 1968)(deflated 49%)
adding: core/target/classes/com/yahoo/ycsb/measurements/OneMeasurementRaw$RawDataPoint.class(in = 897) (out= 463)(deflated 48%)
adding: core/target/classes/com/yahoo/ycsb/measurements/exporter/(in = 0) (out= 0)(stored 0%)
adding: core/target/classes/com/yahoo/ycsb/measurements/exporter/TextMeasurementsExporter.class(in = 1832) (out= 760)(deflated 58%)
adding: core/target/classes/com/yahoo/ycsb/measurements/exporter/MeasurementsExporter.class(in = 412) (out= 223)(deflated 45%)
adding: core/target/classes/com/yahoo/ycsb/measurements/exporter/JSONArrayMeasurementsExporter.class(in = 2406) (out= 1003)(deflated 58%)
adding: core/target/classes/com/yahoo/ycsb/measurements/exporter/JSONMeasurementsExporter.class(in = 2315) (out= 967)(deflated 58%)
adding: core/target/classes/com/yahoo/ycsb/measurements/OneMeasurementRaw.class(in = 5406) (out= 2675)(deflated 50%)
adding: core/target/classes/project.properties(in = 660) (out= 414)(deflated 37%)
adding: core/target/maven-archiver/(in = 0) (out= 0)(stored 0%)
adding: core/target/maven-archiver/pom.properties(in = 113) (out= 112)(deflated 0%)
adding: core/src/(in = 0) (out= 0)(stored 0%)
adding: core/src/main/(in = 0) (out= 0)(stored 0%)
adding: core/src/main/main2.iml(in = 336) (out= 221)(deflated 34%)
adding: core/src/main/java/(in = 0) (out= 0)(stored 0%)
adding: core/src/main/java/com/(in = 0) (out= 0)(stored 0%)
adding: core/src/main/java/com/yahoo/(in = 0) (out= 0)(stored 0%)
adding: core/src/main/java/com/yahoo/ycsb/(in = 0) (out= 0)(stored 0%)
adding: core/src/main/java/com/yahoo/ycsb/WorkloadException.java(in = 1191) (out= 615)(deflated 48%)
adding: core/src/main/java/com/yahoo/ycsb/DBException.java(in = 1181) (out= 622)(deflated 47%)
adding: core/src/main/java/com/yahoo/ycsb/generator/(in = 0) (out= 0)(stored 0%)
adding: core/src/main/java/com/yahoo/ycsb/generator/ZipfianGenerator.java(in = 12041) (out= 3409)(deflated 71%)
adding: core/src/main/java/com/yahoo/ycsb/generator/DiscreteGenerator.java(in = 2368) (out= 1050)(deflated 55%)
adding: core/src/main/java/com/yahoo/ycsb/generator/AcknowledgedCounterGenerator.java(in = 2643) (out= 1199)(deflated 54%)
adding: core/src/main/java/com/yahoo/ycsb/generator/package-info.java(in = 732) (out= 439)(deflated 40%)
adding: core/src/main/java/com/yahoo/ycsb/generator/UniformLongGenerator.java(in = 1708) (out= 838)(deflated 50%)
adding: core/src/main/java/com/yahoo/ycsb/generator/Generator.java(in = 1608) (out= 778)(deflated 51%)
adding: core/src/main/java/com/yahoo/ycsb/generator/HistogramGenerator.java(in = 3203) (out= 1338)(deflated 58%)
adding: core/src/main/java/com/yahoo/ycsb/generator/CounterGenerator.java(in = 1390) (out= 726)(deflated 47%)
adding: core/src/main/java/com/yahoo/ycsb/generator/RandomDiscreteTimestampGenerator.java(in = 4826) (out= 1772)(deflated 63%)
adding: core/src/main/java/com/yahoo/ycsb/generator/IncrementingPrintableStringGenerator.java(in = 15073) (out= 3544)(deflated 76%)
adding: core/src/main/java/com/yahoo/ycsb/generator/SequentialGenerator.java(in = 1938) (out= 890)(deflated 54%)
adding: core/src/main/java/com/yahoo/ycsb/generator/UnixEpochTimestampGenerator.java(in = 6656) (out= 1945)(deflated 70%)
adding: core/src/main/java/com/yahoo/ycsb/generator/ScrambledZipfianGenerator.java(in = 4895) (out= 1697)(deflated 65%)
adding: core/src/main/java/com/yahoo/ycsb/generator/NumberGenerator.java(in = 1380) (out= 715)(deflated 48%)
adding: core/src/main/java/com/yahoo/ycsb/generator/ConstantIntegerGenerator.java(in = 1156) (out= 617)(deflated 46%)
adding: core/src/main/java/com/yahoo/ycsb/generator/FileGenerator.java(in = 1968) (out= 870)(deflated 55%)
adding: core/src/main/java/com/yahoo/ycsb/generator/HotspotIntegerGenerator.java(in = 3983) (out= 1340)(deflated 66%)
adding: core/src/main/java/com/yahoo/ycsb/generator/ExponentialGenerator.java(in = 3085) (out= 1356)(deflated 56%)
adding: core/src/main/java/com/yahoo/ycsb/generator/UniformGenerator.java(in = 1976) (out= 893)(deflated 54%)
adding: core/src/main/java/com/yahoo/ycsb/generator/SkewedLatestGenerator.java(in = 1851) (out= 911)(deflated 50%)
adding: core/src/main/java/com/yahoo/ycsb/package-info.java(in = 724) (out= 436)(deflated 39%)
adding: core/src/main/java/com/yahoo/ycsb/DBFactory.java(in = 1402) (out= 746)(deflated 46%)
adding: core/src/main/java/com/yahoo/ycsb/workloads/(in = 0) (out= 0)(stored 0%)
adding: core/src/main/java/com/yahoo/ycsb/workloads/package-info.java(in = 731) (out= 441)(deflated 39%)
adding: core/src/main/java/com/yahoo/ycsb/workloads/CoreWorkload.java(in = 31637) (out= 7297)(deflated 76%)
adding: core/src/main/java/com/yahoo/ycsb/workloads/RestWorkload.java(in = 151109) (out= 12755)(deflated 91%)
adding: core/src/main/java/com/yahoo/ycsb/workloads/ConstantOccupancyWorkload.java(in = 3649) (out= 1478)(deflated 59%)
adding: core/src/main/java/com/yahoo/ycsb/workloads/TimeSeriesWorkload.java(in = 55525) (out= 13182)(deflated 76%)
adding: core/src/main/java/com/yahoo/ycsb/UnknownDBException.java(in = 1190) (out= 610)(deflated 48%)
adding: core/src/main/java/com/yahoo/ycsb/DB.java(in = 5395) (out= 1754)(deflated 67%)
adding: core/src/main/java/com/yahoo/ycsb/TimeseriesDB.java(in = 14982) (out= 4283)(deflated 71%)
adding: core/src/main/java/com/yahoo/ycsb/Status.java(in = 3546) (out= 1295)(deflated 63%)
adding: core/src/main/java/com/yahoo/ycsb/GoodBadUglyDB.java(in = 5617) (out= 1766)(deflated 68%)
adding: core/src/main/java/com/yahoo/ycsb/BasicTSDB.java(in = 9116) (out= 2126)(deflated 76%)
adding: core/src/main/java/com/yahoo/ycsb/TerminatorThread.java(in = 2388) (out= 1036)(deflated 56%)
adding: core/src/main/java/com/yahoo/ycsb/Workload.java(in = 5493) (out= 1982)(deflated 63%)
adding: core/src/main/java/com/yahoo/ycsb/StringByteIterator.java(in = 3293) (out= 1150)(deflated 65%)
adding: core/src/main/java/com/yahoo/ycsb/RandomByteIterator.java(in = 2564) (out= 1023)(deflated 60%)
adding: core/src/main/java/com/yahoo/ycsb/BasicDB.java(in = 12804) (out= 3158)(deflated 75%)
adding: core/src/main/java/com/yahoo/ycsb/ByteArrayByteIterator.java(in = 1532) (out= 707)(deflated 53%)
adding: core/src/main/java/com/yahoo/ycsb/CommandLine.java(in = 11056) (out= 2668)(deflated 75%)
adding: core/src/main/java/com/yahoo/ycsb/DBWrapper.java(in = 9597) (out= 2318)(deflated 75%)
adding: core/src/main/java/com/yahoo/ycsb/Utils.java(in = 7676) (out= 2579)(deflated 66%)
adding: core/src/main/java/com/yahoo/ycsb/measurements/(in = 0) (out= 0)(stored 0%)
adding: core/src/main/java/com/yahoo/ycsb/measurements/package-info.java(in = 738) (out= 441)(deflated 40%)
adding: core/src/main/java/com/yahoo/ycsb/measurements/OneMeasurement.java(in = 2460) (out= 1066)(deflated 56%)
adding: core/src/main/java/com/yahoo/ycsb/measurements/OneMeasurementHdrHistogram.java(in = 8083) (out= 2652)(deflated 67%)
adding: core/src/main/java/com/yahoo/ycsb/measurements/OneMeasurementRaw.java(in = 6705) (out= 2201)(deflated 67%)
adding: core/src/main/java/com/yahoo/ycsb/measurements/OneMeasurementHistogram.java(in = 4953) (out= 1743)(deflated 64%)
adding: core/src/main/java/com/yahoo/ycsb/measurements/TwoInOneMeasurement.java(in = 2342) (out= 1008)(deflated 56%)
adding: core/src/main/java/com/yahoo/ycsb/measurements/Measurements.java(in = 8931) (out= 2308)(deflated 74%)
adding: core/src/main/java/com/yahoo/ycsb/measurements/OneMeasurementTimeSeries.java(in = 3987) (out= 1541)(deflated 61%)
adding: core/src/main/java/com/yahoo/ycsb/measurements/exporter/(in = 0) (out= 0)(stored 0%)
adding: core/src/main/java/com/yahoo/ycsb/measurements/exporter/package-info.java(in = 756) (out= 447)(deflated 40%)
adding: core/src/main/java/com/yahoo/ycsb/measurements/exporter/MeasurementsExporter.java(in = 2056) (out= 733)(deflated 64%)
adding: core/src/main/java/com/yahoo/ycsb/measurements/exporter/TextMeasurementsExporter.java(in = 1755) (out= 729)(deflated 58%)
adding: core/src/main/java/com/yahoo/ycsb/measurements/exporter/JSONArrayMeasurementsExporter.java(in = 2453) (out= 870)(deflated 64%)
adding: core/src/main/java/com/yahoo/ycsb/measurements/exporter/JSONMeasurementsExporter.java(in = 2372) (out= 846)(deflated 64%)
adding: core/src/main/java/com/yahoo/ycsb/ByteIterator.java(in = 3421) (out= 1523)(deflated 55%)
adding: core/src/main/java/com/yahoo/ycsb/Client.java(in = 37972) (out= 9380)(deflated 75%)
adding: core/src/main/java/com/yahoo/ycsb/InputStreamByteIterator.java(in = 1938) (out= 858)(deflated 55%)
adding: core/src/main/java/com/yahoo/ycsb/NumericByteIterator.java(in = 2007) (out= 835)(deflated 58%)
adding: core/src/main/resources/(in = 0) (out= 0)(stored 0%)
adding: core/src/main/resources/project.properties(in = 663) (out= 414)(deflated 37%)
adding: core/src/main/main38.iml(in = 424) (out= 246)(deflated 41%)
adding: core/src/test/(in = 0) (out= 0)(stored 0%)
adding: core/src/test/test6.iml(in = 555) (out= 301)(deflated 45%)
adding: core/src/test/test1.iml(in = 467) (out= 272)(deflated 41%)
adding: core/src/test/java/(in = 0) (out= 0)(stored 0%)
adding: core/src/test/java/com/(in = 0) (out= 0)(stored 0%)
adding: core/src/test/java/com/yahoo/(in = 0) (out= 0)(stored 0%)
adding: core/src/test/java/com/yahoo/ycsb/(in = 0) (out= 0)(stored 0%)
adding: core/src/test/java/com/yahoo/ycsb/TestByteIterator.java(in = 1288) (out= 613)(deflated 52%)
adding: core/src/test/java/com/yahoo/ycsb/generator/(in = 0) (out= 0)(stored 0%)
adding: core/src/test/java/com/yahoo/ycsb/generator/TestIncrementingPrintableStringGenerator.java(in = 4193) (out= 1016)(deflated 75%)
adding: core/src/test/java/com/yahoo/ycsb/generator/TestUnixEpochTimestampGenerator.java(in = 7818) (out= 1080)(deflated 86%)
adding: core/src/test/java/com/yahoo/ycsb/generator/AcknowledgedCounterGeneratorTest.java(in = 1840) (out= 897)(deflated 51%)
adding: core/src/test/java/com/yahoo/ycsb/generator/TestRandomDiscreteTimestampGenerator.java(in = 2587) (out= 1009)(deflated 60%)
adding: core/src/test/java/com/yahoo/ycsb/generator/TestZipfianGenerator.java(in = 1155) (out= 623)(deflated 46%)
adding: core/src/test/java/com/yahoo/ycsb/workloads/(in = 0) (out= 0)(stored 0%)
adding: core/src/test/java/com/yahoo/ycsb/workloads/TestTimeSeriesWorkload.java(in = 21245) (out= 2982)(deflated 85%)
adding: core/src/test/java/com/yahoo/ycsb/workloads/TestCoreWorkload.java(in = 4267) (out= 1015)(deflated 76%)
adding: core/src/test/java/com/yahoo/ycsb/TestStatus.java(in = 1323) (out= 639)(deflated 51%)
adding: core/src/test/java/com/yahoo/ycsb/TestUtils.java(in = 5611) (out= 1629)(deflated 70%)
adding: core/src/test/java/com/yahoo/ycsb/TestNumericByteIterator.java(in = 3940) (out= 820)(deflated 79%)
adding: core/src/test/java/com/yahoo/ycsb/measurements/(in = 0) (out= 0)(stored 0%)
adding: core/src/test/java/com/yahoo/ycsb/measurements/exporter/(in = 0) (out= 0)(stored 0%)
adding: core/src/test/java/com/yahoo/ycsb/measurements/exporter/TestMeasurementsExporter.java(in = 2414) (out= 1012)(deflated 58%)
adding: deploy.sh(in = 808) (out= 429)(deflated 46%)
adding: distribution/(in = 0) (out= 0)(stored 0%)
adding: distribution/pom.xml(in = 9793) (out= 1319)(deflated 86%)
adding: distribution/ycsb.iml(in = 9129) (out= 1179)(deflated 87%)
adding: distribution/src/(in = 0) (out= 0)(stored 0%)
adding: distribution/src/main/(in = 0) (out= 0)(stored 0%)
adding: distribution/src/main/assembly/(in = 0) (out= 0)(stored 0%)
adding: distribution/src/main/assembly/distribution.xml(in = 3575) (out= 1076)(deflated 69%)
adding: jar.log(in = 36576) (out= 4953)(deflated 86%)
adding: LICENSE.txt(in = 11358) (out= 3949)(deflated 65%)
adding: out/(in = 0) (out= 0)(stored 0%)
adding: out/artifacts/(in = 0) (out= 0)(stored 0%)
adding: out/artifacts/root_war_exploded/(in = 0) (out= 0)(stored 0%)
adding: out/artifacts/root_war_exploded/WEB-INF/(in = 0) (out= 0)(stored 0%)
adding: out/artifacts/root_war_exploded/WEB-INF/lib/(in = 0) (out= 0)(stored 0%)
adding: out/artifacts/root_war_exploded/WEB-INF/lib/asm-util-5.0.3.jar(in = 43296) (out= 41129)(deflated 5%)
adding: out/artifacts/root_war_exploded/WEB-INF/lib/jackson-annotations-2.7.0.jar(in = 50894) (out= 39788)(deflated 21%)
adding: out/artifacts/root_war_exploded/WEB-INF/lib/htrace-core-3.1.0-incubating.jar(in = 1475955) (out= 1324348)(deflated 10%)
adding: out/artifacts/root_war_exploded/WEB-INF/lib/hbase-common-1.2.6.jar(in = 580945) (out= 537101)(deflated 7%)
adding: out/artifacts/root_war_exploded/WEB-INF/lib/jffi-1.2.10.jar(in = 149044) (out= 133784)(deflated 10%)
adding: out/artifacts/root_war_exploded/WEB-INF/lib/apacheds-i18n-2.0.0-M15.jar(in = 44925) (out= 36826)(deflated 18%)
adding: out/artifacts/root_war_exploded/WEB-INF/lib/netty-resolver-4.1.25.Final.jar(in = 32275) (out= 27611)(deflated 14%)
adding: out/artifacts/root_war_exploded/WEB-INF/lib/paranamer-2.3.jar(in = 29555) (out= 26468)(deflated 10%)
adding: out/artifacts/root_war_exploded/WEB-INF/lib/api-util-1.0.0-M20.jar(in = 79912) (out= 71999)(deflated 9%)
adding: out/artifacts/root_war_exploded/WEB-INF/lib/tools.jar(in = 18292054) (out= 5533537)(deflated 69%)
adding: out/artifacts/root_war_exploded/WEB-INF/lib/snakeyaml-1.15.jar(in = 269295) (out= 234866)(deflated 12%)
adding: out/artifacts/root_war_exploded/WEB-INF/lib/commons-configuration-1.6.jar(in = 298829) (out= 269783)(deflated 9%)
adding: out/artifacts/root_war_exploded/WEB-INF/lib/slf4j-log4j12-1.8.0-alpha2.jar(in = 14776) (out= 12477)(deflated 15%)
adding: out/artifacts/root_war_exploded/WEB-INF/lib/httpcore-4.4.9.jar(in = 325500) (out= 291740)(deflated 10%)
adding: out/artifacts/root_war_exploded/WEB-INF/lib/commons-cli-1.2.jar(in = 41123) (out= 37596)(deflated 8%)
adding: out/artifacts/root_war_exploded/WEB-INF/lib/jnr-posix-3.0.27.jar(in = 218609) (out= 199637)(deflated 8%)
adding: out/artifacts/root_war_exploded/WEB-INF/lib/jffi-1.2.10-native.jar(in = 456199) (out= 453014)(deflated 0%)
adding: out/artifacts/root_war_exploded/WEB-INF/lib/hadoop-annotations-2.5.1.jar(in = 17041) (out= 13365)(deflated 21%)
adding: out/artifacts/root_war_exploded/WEB-INF/lib/metrics-core-3.2.2.jar(in = 129402) (out= 110778)(deflated 14%)
adding: out/artifacts/root_war_exploded/WEB-INF/lib/findbugs-annotations-1.3.9-1.jar(in = 15322) (out= 10881)(deflated 28%)
adding: out/artifacts/root_war_exploded/WEB-INF/lib/xmlenc-0.52.jar(in = 15010) (out= 13396)(deflated 10%)
adding: out/artifacts/root_war_exploded/WEB-INF/lib/commons-codec-1.10.jar(in = 284184) (out= 234474)(deflated 17%)
adding: out/artifacts/root_war_exploded/WEB-INF/lib/hbase-protocol-1.2.6.jar(in = 4365774) (out= 4052545)(deflated 7%)
adding: out/artifacts/root_war_exploded/WEB-INF/lib/slf4j-api-1.7.25.jar(in = 41203) (out= 36532)(deflated 11%)
adding: out/artifacts/root_war_exploded/WEB-INF/lib/hbase-annotations-1.2.6.jar(in = 20865) (out= 17059)(deflated 18%)
adding: out/artifacts/root_war_exploded/WEB-INF/lib/reactive-streams-1.0.2.jar(in = 2097) (out= 1444)(deflated 31%)
adding: out/artifacts/root_war_exploded/WEB-INF/lib/jsch-0.1.42.jar(in = 185746) (out= 172835)(deflated 6%)
adding: out/artifacts/root_war_exploded/WEB-INF/lib/xz-1.0.jar(in = 94672) (out= 82770)(deflated 12%)
adding: out/artifacts/root_war_exploded/WEB-INF/lib/snappy-java-1.0.4.1.jar(in = 995968) (out= 978476)(deflated 1%)
adding: out/artifacts/root_war_exploded/WEB-INF/lib/jackson-dataformat-yaml-2.7.9.jar(in = 321230) (out= 271246)(deflated 15%)
adding: out/artifacts/root_war_exploded/WEB-INF/lib/hadoop-yarn-api-2.5.1.jar(in = 1649852) (out= 1508599)(deflated 8%)
adding: out/artifacts/root_war_exploded/WEB-INF/lib/jnr-ffi-2.0.7.jar(in = 656047) (out= 565240)(deflated 13%)
adding: out/artifacts/root_war_exploded/WEB-INF/lib/jackson-databind-2.7.9.2.jar(in = 1210118) (out= 1109515)(deflated 8%)
adding: out/artifacts/root_war_exploded/WEB-INF/lib/jodd-bean-3.7.1.jar(in = 120925) (out= 110183)(deflated 8%)
adding: out/artifacts/root_war_exploded/WEB-INF/lib/commons-compress-1.4.1.jar(in = 241367) (out= 218499)(deflated 9%)
adding: out/artifacts/root_war_exploded/WEB-INF/lib/netty-transport-4.1.25.Final.jar(in = 457797) (out= 409552)(deflated 10%)
adding: out/artifacts/root_war_exploded/WEB-INF/lib/jackson-core-asl-1.9.13.jar(in = 232248) (out= 215037)(deflated 7%)
adding: out/artifacts/root_war_exploded/WEB-INF/lib/asm-5.0.3.jar(in = 53231) (out= 50466)(deflated 5%)
adding: out/artifacts/root_war_exploded/WEB-INF/lib/netty-buffer-4.1.25.Final.jar(in = 272342) (out= 257388)(deflated 5%)
adding: out/artifacts/root_war_exploded/WEB-INF/lib/commons-net-3.1.jar(in = 273370) (out= 249276)(deflated 8%)
adding: out/artifacts/root_war_exploded/WEB-INF/lib/hadoop-auth-2.5.1.jar(in = 52449) (out= 46068)(deflated 12%)
adding: out/artifacts/root_war_exploded/WEB-INF/lib/log4j-1.2.17.jar(in = 489884) (out= 442759)(deflated 9%)
adding: out/artifacts/root_war_exploded/WEB-INF/lib/avro-1.7.4.jar(in = 303139) (out= 277834)(deflated 8%)
adding: out/artifacts/root_war_exploded/WEB-INF/lib/asm-analysis-5.0.3.jar(in = 20443) (out= 18306)(deflated 10%)
adding: out/artifacts/root_war_exploded/WEB-INF/lib/jackson-mapper-asl-1.9.13.jar(in = 780664) (out= 697674)(deflated 10%)
adding: out/artifacts/root_war_exploded/WEB-INF/lib/api-asn1-api-1.0.0-M20.jar(in = 16560) (out= 14244)(deflated 13%)
adding: out/artifacts/root_war_exploded/WEB-INF/lib/commons-io-2.4.jar(in = 185140) (out= 169807)(deflated 8%)
adding: out/artifacts/root_war_exploded/WEB-INF/lib/commons-collections-3.2.2.jar(in = 588337) (out= 511550)(deflated 13%)
adding: out/artifacts/root_war_exploded/WEB-INF/lib/netty-codec-dns-4.1.25.Final.jar(in = 54856) (out= 49128)(deflated 10%)
adding: out/artifacts/root_war_exploded/WEB-INF/lib/commons-pool2-2.4.2.jar(in = 111969) (out= 101302)(deflated 9%)
adding: out/artifacts/root_war_exploded/WEB-INF/lib/redisson-3.7.2.jar(in = 2158391) (out= 1910032)(deflated 11%)
adding: out/artifacts/root_war_exploded/WEB-INF/lib/httpclient-4.5.5.jar(in = 766123) (out= 700419)(deflated 8%)
adding: out/artifacts/root_war_exploded/WEB-INF/lib/commons-beanutils-core-1.8.0.jar(in = 206035) (out= 187477)(deflated 9%)
adding: out/artifacts/root_war_exploded/WEB-INF/lib/hbase-client-1.2.6.jar(in = 1304466) (out= 1217177)(deflated 6%)
adding: out/artifacts/root_war_exploded/WEB-INF/lib/jnr-x86asm-1.0.2.jar(in = 219943) (out= 200360)(deflated 8%)
adding: out/artifacts/root_war_exploded/WEB-INF/lib/jetty-util-6.1.26.jar(in = 177131) (out= 165362)(deflated 6%)
adding: out/artifacts/root_war_exploded/WEB-INF/lib/jsr305-1.3.9.jar(in = 33015) (out= 24797)(deflated 24%)
adding: out/artifacts/root_war_exploded/WEB-INF/lib/hadoop-yarn-common-2.5.1.jar(in = 1416427) (out= 1292206)(deflated 8%)
adding: out/artifacts/root_war_exploded/WEB-INF/lib/netty-all-4.1.22.Final.jar(in = 3809972) (out= 3471495)(deflated 8%)
adding: out/artifacts/root_war_exploded/WEB-INF/lib/guava-16.0.1.jar(in = 2228009) (out= 1968161)(deflated 11%)
adding: out/artifacts/root_war_exploded/WEB-INF/lib/cache-api-1.0.0.jar(in = 49789) (out= 40628)(deflated 18%)
adding: out/artifacts/root_war_exploded/WEB-INF/lib/cassandra-driver-core-3.3.0.jar(in = 1084764) (out= 986771)(deflated 9%)
adding: out/artifacts/root_war_exploded/WEB-INF/lib/commons-logging-1.2.jar(in = 61829) (out= 57165)(deflated 7%)
adding: out/artifacts/root_war_exploded/WEB-INF/lib/commons-httpclient-3.1.jar(in = 305001) (out= 280532)(deflated 8%)
adding: out/artifacts/root_war_exploded/WEB-INF/lib/hadoop-mapreduce-client-core-2.5.1.jar(in = 1498368) (out= 1370376)(deflated 8%)
adding: out/artifacts/root_war_exploded/WEB-INF/lib/asm-commons-5.0.3.jar(in = 41717) (out= 38656)(deflated 7%)
adding: out/artifacts/root_war_exploded/WEB-INF/lib/hadoop-common-2.5.1.jar(in = 2962685) (out= 2704824)(deflated 8%)
adding: out/artifacts/root_war_exploded/WEB-INF/lib/jcodings-1.0.8.jar(in = 1291164) (out= 1188231)(deflated 7%)
adding: out/artifacts/root_war_exploded/WEB-INF/lib/commons-digester-1.8.jar(in = 143602) (out= 126200)(deflated 12%)
adding: out/artifacts/root_war_exploded/WEB-INF/lib/zookeeper-3.4.6.jar(in = 792964) (out= 733904)(deflated 7%)
adding: out/artifacts/root_war_exploded/WEB-INF/lib/jaxb-api-2.2.2.jar(in = 105134) (out= 92043)(deflated 12%)
adding: out/artifacts/root_war_exploded/WEB-INF/lib/mongo-java-driver-3.6.3.jar(in = 1897181) (out= 1726399)(deflated 9%)
adding: out/artifacts/root_war_exploded/WEB-INF/lib/protobuf-java-2.5.0.jar(in = 533455) (out= 495193)(deflated 7%)
adding: out/artifacts/root_war_exploded/WEB-INF/lib/netty-codec-4.1.25.Final.jar(in = 316389) (out= 286467)(deflated 9%)
adding: out/artifacts/root_war_exploded/WEB-INF/lib/commons-el-1.0.jar(in = 112341) (out= 102636)(deflated 8%)
adding: out/artifacts/root_war_exploded/WEB-INF/lib/commons-lang-2.6.jar(in = 284220) (out= 265620)(deflated 6%)
adding: out/artifacts/root_war_exploded/WEB-INF/lib/joni-2.1.2.jar(in = 187292) (out= 178104)(deflated 4%)
adding: out/artifacts/root_war_exploded/WEB-INF/lib/jedis-2.9.0.jar(in = 553762) (out= 488986)(deflated 11%)
adding: out/artifacts/root_war_exploded/WEB-INF/lib/cassandra-driver-mapping-3.3.0.jar(in = 111189) (out= 97747)(deflated 12%)
adding: out/artifacts/root_war_exploded/WEB-INF/lib/jnr-constants-0.9.0.jar(in = 321681) (out= 298623)(deflated 7%)
adding: out/artifacts/root_war_exploded/WEB-INF/lib/metrics-core-2.2.0.jar(in = 82123) (out= 72187)(deflated 12%)
adding: out/artifacts/root_war_exploded/WEB-INF/lib/netty-common-4.1.25.Final.jar(in = 577247) (out= 508445)(deflated 11%)
adding: out/artifacts/root_war_exploded/WEB-INF/lib/cassandra-driver-extras-3.3.0.jar(in = 57782) (out= 50146)(deflated 13%)
adding: out/artifacts/root_war_exploded/WEB-INF/lib/activation-1.1.jar(in = 62983) (out= 58052)(deflated 7%)
adding: out/artifacts/root_war_exploded/WEB-INF/lib/reactor-core-3.1.7.RELEASE.jar(in = 1330994) (out= 1240219)(deflated 6%)
adding: out/artifacts/root_war_exploded/WEB-INF/lib/commons-math3-3.1.1.jar(in = 1599627) (out= 1428479)(deflated 10%)
adding: out/artifacts/root_war_exploded/WEB-INF/lib/commons-beanutils-1.7.0.jar(in = 188671) (out= 169560)(deflated 10%)
adding: out/artifacts/root_war_exploded/WEB-INF/lib/netty-handler-4.1.25.Final.jar(in = 375777) (out= 340671)(deflated 9%)
adding: out/artifacts/root_war_exploded/WEB-INF/lib/jackson-core-2.7.9.jar(in = 253357) (out= 238785)(deflated 5%)
adding: out/artifacts/root_war_exploded/WEB-INF/lib/apacheds-kerberos-codec-2.0.0-M15.jar(in = 691479) (out= 572365)(deflated 17%)
adding: out/artifacts/root_war_exploded/WEB-INF/lib/jodd-core-3.7.1.jar(in = 387307) (out= 365009)(deflated 5%)
adding: out/artifacts/root_war_exploded/WEB-INF/lib/postgresql-42.1.4.jar(in = 713037) (out= 673215)(deflated 5%)
adding: out/artifacts/root_war_exploded/WEB-INF/lib/netty-resolver-dns-4.1.25.Final.jar(in = 105926) (out= 95444)(deflated 9%)
adding: out/artifacts/root_war_exploded/WEB-INF/lib/stax-api-1.0-2.jar(in = 23346) (out= 18225)(deflated 21%)
adding: out/artifacts/root_war_exploded/WEB-INF/lib/asm-tree-5.0.3.jar(in = 29036) (out= 25061)(deflated 13%)
adding: out/artifacts/root_war_exploded/WEB-INF/classes/(in = 0) (out= 0)(stored 0%)
adding: out/artifacts/root_war_exploded/WEB-INF/classes/com/(in = 0) (out= 0)(stored 0%)
adding: out/artifacts/root_war_exploded/WEB-INF/classes/com/server/(in = 0) (out= 0)(stored 0%)
adding: out/artifacts/root_war_exploded/WEB-INF/classes/com/server/Servlet_HBase.class(in = 4216) (out= 2045)(deflated 51%)
adding: out/artifacts/root_war_exploded/WEB-INF/classes/com/server/Servlet_Mongo.class(in = 3227) (out= 1664)(deflated 48%)
adding: out/artifacts/root_war_exploded/WEB-INF/classes/com/server/mongoCRUD.class(in = 8644) (out= 3600)(deflated 58%)
adding: out/artifacts/root_war_exploded/WEB-INF/classes/com/server/Servlet_mysql.class(in = 2949) (out= 1542)(deflated 47%)
adding: out/artifacts/root_war_exploded/WEB-INF/classes/com/server/cassandraCQL.class(in = 10898) (out= 4442)(deflated 59%)
adding: out/artifacts/root_war_exploded/WEB-INF/classes/com/server/Servlet_Redis.class(in = 2882) (out= 1531)(deflated 46%)
adding: out/artifacts/root_war_exploded/WEB-INF/classes/com/server/postgresCRUD.class(in = 5628) (out= 2409)(deflated 57%)
adding: out/artifacts/root_war_exploded/WEB-INF/classes/com/server/redisCRUD.class(in = 4221) (out= 1665)(deflated 60%)
adding: out/artifacts/root_war_exploded/WEB-INF/classes/com/server/mysqlCRUD.class(in = 6185) (out= 2749)(deflated 55%)
adding: out/artifacts/root_war_exploded/WEB-INF/classes/com/server/Servlet_Postgres.class(in = 2967) (out= 1546)(deflated 47%)
adding: out/artifacts/root_war_exploded/WEB-INF/classes/com/server/Servlet_Cassandra.class(in = 4437) (out= 2166)(deflated 51%)
adding: out/artifacts/root_war_exploded/WEB-INF/classes/com/server/hbaseCRUD.class(in = 7598) (out= 2997)(deflated 60%)
adding: out/artifacts/causalwebserver/(in = 0) (out= 0)(stored 0%)
adding: out/artifacts/causalwebserver/WEB-INF/(in = 0) (out= 0)(stored 0%)
adding: out/artifacts/causalwebserver/WEB-INF/lib/(in = 0) (out= 0)(stored 0%)
adding: out/artifacts/causalwebserver/WEB-INF/lib/asm-util-5.0.3.jar(in = 43296) (out= 41129)(deflated 5%)
adding: out/artifacts/causalwebserver/WEB-INF/lib/jackson-annotations-2.7.0.jar(in = 50894) (out= 39788)(deflated 21%)
adding: out/artifacts/causalwebserver/WEB-INF/lib/htrace-core-3.1.0-incubating.jar(in = 1475955) (out= 1324348)(deflated 10%)
adding: out/artifacts/causalwebserver/WEB-INF/lib/hbase-common-1.2.6.jar(in = 580945) (out= 537101)(deflated 7%)
adding: out/artifacts/causalwebserver/WEB-INF/lib/jffi-1.2.10.jar(in = 149044) (out= 133784)(deflated 10%)
adding: out/artifacts/causalwebserver/WEB-INF/lib/apacheds-i18n-2.0.0-M15.jar(in = 44925) (out= 36826)(deflated 18%)
adding: out/artifacts/causalwebserver/WEB-INF/lib/netty-resolver-4.1.25.Final.jar(in = 32275) (out= 27611)(deflated 14%)
adding: out/artifacts/causalwebserver/WEB-INF/lib/paranamer-2.3.jar(in = 29555) (out= 26468)(deflated 10%)
adding: out/artifacts/causalwebserver/WEB-INF/lib/api-util-1.0.0-M20.jar(in = 79912) (out= 71999)(deflated 9%)
adding: out/artifacts/causalwebserver/WEB-INF/lib/tools.jar(in = 18292054) (out= 5533537)(deflated 69%)
adding: out/artifacts/causalwebserver/WEB-INF/lib/snakeyaml-1.15.jar(in = 269295) (out= 234866)(deflated 12%)
adding: out/artifacts/causalwebserver/WEB-INF/lib/commons-configuration-1.6.jar(in = 298829) (out= 269783)(deflated 9%)
adding: out/artifacts/causalwebserver/WEB-INF/lib/slf4j-log4j12-1.8.0-alpha2.jar(in = 14776) (out= 12477)(deflated 15%)
adding: out/artifacts/causalwebserver/WEB-INF/lib/httpcore-4.4.9.jar(in = 325500) (out= 291740)(deflated 10%)
adding: out/artifacts/causalwebserver/WEB-INF/lib/commons-cli-1.2.jar(in = 41123) (out= 37596)(deflated 8%)
adding: out/artifacts/causalwebserver/WEB-INF/lib/jnr-posix-3.0.27.jar(in = 218609) (out= 199637)(deflated 8%)
adding: out/artifacts/causalwebserver/WEB-INF/lib/jffi-1.2.10-native.jar(in = 456199) (out= 453014)(deflated 0%)
adding: out/artifacts/causalwebserver/WEB-INF/lib/hadoop-annotations-2.5.1.jar(in = 17041) (out= 13365)(deflated 21%)
adding: out/artifacts/causalwebserver/WEB-INF/lib/metrics-core-3.2.2.jar(in = 129402) (out= 110778)(deflated 14%)
adding: out/artifacts/causalwebserver/WEB-INF/lib/findbugs-annotations-1.3.9-1.jar(in = 15322) (out= 10881)(deflated 28%)
adding: out/artifacts/causalwebserver/WEB-INF/lib/xmlenc-0.52.jar(in = 15010) (out= 13396)(deflated 10%)
adding: out/artifacts/causalwebserver/WEB-INF/lib/commons-codec-1.10.jar(in = 284184) (out= 234474)(deflated 17%)
adding: out/artifacts/causalwebserver/WEB-INF/lib/hbase-protocol-1.2.6.jar(in = 4365774) (out= 4052545)(deflated 7%)
adding: out/artifacts/causalwebserver/WEB-INF/lib/slf4j-api-1.7.25.jar(in = 41203) (out= 36532)(deflated 11%)
adding: out/artifacts/causalwebserver/WEB-INF/lib/hbase-annotations-1.2.6.jar(in = 20865) (out= 17059)(deflated 18%)
adding: out/artifacts/causalwebserver/WEB-INF/lib/reactive-streams-1.0.2.jar(in = 2097) (out= 1444)(deflated 31%)
adding: out/artifacts/causalwebserver/WEB-INF/lib/jsch-0.1.42.jar(in = 185746) (out= 172835)(deflated 6%)
adding: out/artifacts/causalwebserver/WEB-INF/lib/xz-1.0.jar(in = 94672) (out= 82770)(deflated 12%)
adding: out/artifacts/causalwebserver/WEB-INF/lib/snappy-java-1.0.4.1.jar(in = 995968) (out= 978476)(deflated 1%)
adding: out/artifacts/causalwebserver/WEB-INF/lib/jackson-dataformat-yaml-2.7.9.jar(in = 321230) (out= 271246)(deflated 15%)
adding: out/artifacts/causalwebserver/WEB-INF/lib/hadoop-yarn-api-2.5.1.jar(in = 1649852) (out= 1508599)(deflated 8%)
adding: out/artifacts/causalwebserver/WEB-INF/lib/jnr-ffi-2.0.7.jar(in = 656047) (out= 565240)(deflated 13%)
adding: out/artifacts/causalwebserver/WEB-INF/lib/jackson-databind-2.7.9.2.jar(in = 1210118) (out= 1109515)(deflated 8%)
adding: out/artifacts/causalwebserver/WEB-INF/lib/jodd-bean-3.7.1.jar(in = 120925) (out= 110183)(deflated 8%)
adding: out/artifacts/causalwebserver/WEB-INF/lib/commons-compress-1.4.1.jar(in = 241367) (out= 218499)(deflated 9%)
adding: out/artifacts/causalwebserver/WEB-INF/lib/netty-transport-4.1.25.Final.jar(in = 457797) (out= 409552)(deflated 10%)
adding: out/artifacts/causalwebserver/WEB-INF/lib/jackson-core-asl-1.9.13.jar(in = 232248) (out= 215037)(deflated 7%)
adding: out/artifacts/causalwebserver/WEB-INF/lib/asm-5.0.3.jar(in = 53231) (out= 50466)(deflated 5%)
adding: out/artifacts/causalwebserver/WEB-INF/lib/netty-buffer-4.1.25.Final.jar(in = 272342) (out= 257388)(deflated 5%)
adding: out/artifacts/causalwebserver/WEB-INF/lib/commons-net-3.1.jar(in = 273370) (out= 249276)(deflated 8%)
adding: out/artifacts/causalwebserver/WEB-INF/lib/hadoop-auth-2.5.1.jar(in = 52449) (out= 46068)(deflated 12%)
adding: out/artifacts/causalwebserver/WEB-INF/lib/log4j-1.2.17.jar(in = 489884) (out= 442759)(deflated 9%)
adding: out/artifacts/causalwebserver/WEB-INF/lib/avro-1.7.4.jar(in = 303139) (out= 277834)(deflated 8%)
adding: out/artifacts/causalwebserver/WEB-INF/lib/asm-analysis-5.0.3.jar(in = 20443) (out= 18306)(deflated 10%)
adding: out/artifacts/causalwebserver/WEB-INF/lib/jackson-mapper-asl-1.9.13.jar(in = 780664) (out= 697674)(deflated 10%)
adding: out/artifacts/causalwebserver/WEB-INF/lib/api-asn1-api-1.0.0-M20.jar(in = 16560) (out= 14244)(deflated 13%)
adding: out/artifacts/causalwebserver/WEB-INF/lib/commons-io-2.4.jar(in = 185140) (out= 169807)(deflated 8%)
adding: out/artifacts/causalwebserver/WEB-INF/lib/commons-collections-3.2.2.jar(in = 588337) (out= 511550)(deflated 13%)
adding: out/artifacts/causalwebserver/WEB-INF/lib/netty-codec-dns-4.1.25.Final.jar(in = 54856) (out= 49128)(deflated 10%)
adding: out/artifacts/causalwebserver/WEB-INF/lib/commons-pool2-2.4.2.jar(in = 111969) (out= 101302)(deflated 9%)
adding: out/artifacts/causalwebserver/WEB-INF/lib/redisson-3.7.2.jar(in = 2158391) (out= 1910032)(deflated 11%)
adding: out/artifacts/causalwebserver/WEB-INF/lib/httpclient-4.5.5.jar(in = 766123) (out= 700419)(deflated 8%)
adding: out/artifacts/causalwebserver/WEB-INF/lib/commons-beanutils-core-1.8.0.jar(in = 206035) (out= 187477)(deflated 9%)
adding: out/artifacts/causalwebserver/WEB-INF/lib/hbase-client-1.2.6.jar(in = 1304466) (out= 1217177)(deflated 6%)
adding: out/artifacts/causalwebserver/WEB-INF/lib/jnr-x86asm-1.0.2.jar(in = 219943) (out= 200360)(deflated 8%)
adding: out/artifacts/causalwebserver/WEB-INF/lib/jetty-util-6.1.26.jar(in = 177131) (out= 165362)(deflated 6%)
adding: out/artifacts/causalwebserver/WEB-INF/lib/jsr305-1.3.9.jar(in = 33015) (out= 24797)(deflated 24%)
adding: out/artifacts/causalwebserver/WEB-INF/lib/hadoop-yarn-common-2.5.1.jar(in = 1416427) (out= 1292206)(deflated 8%)
adding: out/artifacts/causalwebserver/WEB-INF/lib/netty-all-4.1.22.Final.jar(in = 3809972) (out= 3471495)(deflated 8%)
adding: out/artifacts/causalwebserver/WEB-INF/lib/guava-16.0.1.jar(in = 2228009) (out= 1968161)(deflated 11%)
adding: out/artifacts/causalwebserver/WEB-INF/lib/cache-api-1.0.0.jar(in = 49789) (out= 40628)(deflated 18%)
adding: out/artifacts/causalwebserver/WEB-INF/lib/cassandra-driver-core-3.3.0.jar(in = 1084764) (out= 986771)(deflated 9%)
adding: out/artifacts/causalwebserver/WEB-INF/lib/commons-logging-1.2.jar(in = 61829) (out= 57165)(deflated 7%)
adding: out/artifacts/causalwebserver/WEB-INF/lib/commons-httpclient-3.1.jar(in = 305001) (out= 280532)(deflated 8%)
adding: out/artifacts/causalwebserver/WEB-INF/lib/hadoop-mapreduce-client-core-2.5.1.jar(in = 1498368) (out= 1370376)(deflated 8%)
adding: out/artifacts/causalwebserver/WEB-INF/lib/asm-commons-5.0.3.jar(in = 41717) (out= 38656)(deflated 7%)
adding: out/artifacts/causalwebserver/WEB-INF/lib/hadoop-common-2.5.1.jar(in = 2962685) (out= 2704824)(deflated 8%)
adding: out/artifacts/causalwebserver/WEB-INF/lib/jcodings-1.0.8.jar(in = 1291164) (out= 1188231)(deflated 7%)
adding: out/artifacts/causalwebserver/WEB-INF/lib/commons-digester-1.8.jar(in = 143602) (out= 126200)(deflated 12%)
adding: out/artifacts/causalwebserver/WEB-INF/lib/zookeeper-3.4.6.jar(in = 792964) (out= 733904)(deflated 7%)
adding: out/artifacts/causalwebserver/WEB-INF/lib/jaxb-api-2.2.2.jar(in = 105134) (out= 92043)(deflated 12%)
adding: out/artifacts/causalwebserver/WEB-INF/lib/mongo-java-driver-3.6.3.jar(in = 1897181) (out= 1726399)(deflated 9%)
adding: out/artifacts/causalwebserver/WEB-INF/lib/protobuf-java-2.5.0.jar(in = 533455) (out= 495193)(deflated 7%)
adding: out/artifacts/causalwebserver/WEB-INF/lib/netty-codec-4.1.25.Final.jar(in = 316389) (out= 286467)(deflated 9%)
adding: out/artifacts/causalwebserver/WEB-INF/lib/commons-el-1.0.jar(in = 112341) (out= 102636)(deflated 8%)
adding: out/artifacts/causalwebserver/WEB-INF/lib/commons-lang-2.6.jar(in = 284220) (out= 265620)(deflated 6%)
adding: out/artifacts/causalwebserver/WEB-INF/lib/joni-2.1.2.jar(in = 187292) (out= 178104)(deflated 4%)
adding: out/artifacts/causalwebserver/WEB-INF/lib/jedis-2.9.0.jar(in = 553762) (out= 488986)(deflated 11%)
adding: out/artifacts/causalwebserver/WEB-INF/lib/cassandra-driver-mapping-3.3.0.jar(in = 111189) (out= 97747)(deflated 12%)
adding: out/artifacts/causalwebserver/WEB-INF/lib/jnr-constants-0.9.0.jar(in = 321681) (out= 298623)(deflated 7%)
adding: out/artifacts/causalwebserver/WEB-INF/lib/metrics-core-2.2.0.jar(in = 82123) (out= 72187)(deflated 12%)
adding: out/artifacts/causalwebserver/WEB-INF/lib/netty-common-4.1.25.Final.jar(in = 577247) (out= 508445)(deflated 11%)
adding: out/artifacts/causalwebserver/WEB-INF/lib/cassandra-driver-extras-3.3.0.jar(in = 57782) (out= 50146)(deflated 13%)
adding: out/artifacts/causalwebserver/WEB-INF/lib/activation-1.1.jar(in = 62983) (out= 58052)(deflated 7%)
adding: out/artifacts/causalwebserver/WEB-INF/lib/reactor-core-3.1.7.RELEASE.jar(in = 1330994) (out= 1240219)(deflated 6%)
adding: out/artifacts/causalwebserver/WEB-INF/lib/commons-math3-3.1.1.jar(in = 1599627) (out= 1428479)(deflated 10%)
adding: out/artifacts/causalwebserver/WEB-INF/lib/commons-beanutils-1.7.0.jar(in = 188671) (out= 169560)(deflated 10%)
adding: out/artifacts/causalwebserver/WEB-INF/lib/netty-handler-4.1.25.Final.jar(in = 375777) (out= 340671)(deflated 9%)
adding: out/artifacts/causalwebserver/WEB-INF/lib/jackson-core-2.7.9.jar(in = 253357) (out= 238785)(deflated 5%)
adding: out/artifacts/causalwebserver/WEB-INF/lib/apacheds-kerberos-codec-2.0.0-M15.jar(in = 691479) (out= 572365)(deflated 17%)
adding: out/artifacts/causalwebserver/WEB-INF/lib/jodd-core-3.7.1.jar(in = 387307) (out= 365009)(deflated 5%)
adding: out/artifacts/causalwebserver/WEB-INF/lib/postgresql-42.1.4.jar(in = 713037) (out= 673215)(deflated 5%)
adding: out/artifacts/causalwebserver/WEB-INF/lib/netty-resolver-dns-4.1.25.Final.jar(in = 105926) (out= 95444)(deflated 9%)
adding: out/artifacts/causalwebserver/WEB-INF/lib/stax-api-1.0-2.jar(in = 23346) (out= 18225)(deflated 21%)
adding: out/artifacts/causalwebserver/WEB-INF/lib/asm-tree-5.0.3.jar(in = 29036) (out= 25061)(deflated 13%)
adding: out/artifacts/causalwebserver/WEB-INF/classes/(in = 0) (out= 0)(stored 0%)
adding: out/artifacts/causalwebserver/WEB-INF/classes/com/(in = 0) (out= 0)(stored 0%)
adding: out/artifacts/causalwebserver/WEB-INF/classes/com/server/(in = 0) (out= 0)(stored 0%)
adding: out/artifacts/causalwebserver/WEB-INF/classes/com/server/Servlet_HBase.class(in = 4216) (out= 2043)(deflated 51%)
adding: out/artifacts/causalwebserver/WEB-INF/classes/com/server/Servlet_Mongo.class(in = 3227) (out= 1664)(deflated 48%)
adding: out/artifacts/causalwebserver/WEB-INF/classes/com/server/mongoCRUD.class(in = 8644) (out= 3600)(deflated 58%)
adding: out/artifacts/causalwebserver/WEB-INF/classes/com/server/Servlet_mysql.class(in = 2949) (out= 1541)(deflated 47%)
adding: out/artifacts/causalwebserver/WEB-INF/classes/com/server/cassandraCQL.class(in = 10898) (out= 4442)(deflated 59%)
adding: out/artifacts/causalwebserver/WEB-INF/classes/com/server/Servlet_Redis.class(in = 2882) (out= 1531)(deflated 46%)
adding: out/artifacts/causalwebserver/WEB-INF/classes/com/server/postgresCRUD.class(in = 5628) (out= 2409)(deflated 57%)
adding: out/artifacts/causalwebserver/WEB-INF/classes/com/server/redisCRUD.class(in = 4221) (out= 1665)(deflated 60%)
adding: out/artifacts/causalwebserver/WEB-INF/classes/com/server/mysqlCRUD.class(in = 6185) (out= 2749)(deflated 55%)
adding: out/artifacts/causalwebserver/WEB-INF/classes/com/server/Servlet_Postgres.class(in = 2967) (out= 1545)(deflated 47%)
adding: out/artifacts/causalwebserver/WEB-INF/classes/com/server/Servlet_Cassandra.class(in = 4437) (out= 2165)(deflated 51%)
adding: out/artifacts/causalwebserver/WEB-INF/classes/com/server/hbaseCRUD.class(in = 7598) (out= 2997)(deflated 60%)
adding: pom.xml(in = 7809) (out= 2196)(deflated 71%)
adding: README.md(in = 131) (out= 101)(deflated 22%)
adding: rest/(in = 0) (out= 0)(stored 0%)
adding: rest/rest-binding.iml(in = 4574) (out= 922)(deflated 79%)
adding: rest/README.md(in = 8732) (out= 2870)(deflated 67%)
adding: rest/pom.xml(in = 4807) (out= 1267)(deflated 73%)
adding: rest/tomcat.8081/(in = 0) (out= 0)(stored 0%)
adding: rest/tomcat.8081/work/(in = 0) (out= 0)(stored 0%)
adding: rest/tomcat.8081/work/Tomcat/(in = 0) (out= 0)(stored 0%)
adding: rest/tomcat.8081/work/Tomcat/localhost/(in = 0) (out= 0)(stored 0%)
adding: rest/tomcat.8081/work/Tomcat/localhost/webService/(in = 0) (out= 0)(stored 0%)
adding: rest/target/(in = 0) (out= 0)(stored 0%)
adding: rest/target/maven-status/(in = 0) (out= 0)(stored 0%)
adding: rest/target/maven-status/maven-compiler-plugin/(in = 0) (out= 0)(stored 0%)
adding: rest/target/maven-status/maven-compiler-plugin/compile/(in = 0) (out= 0)(stored 0%)
adding: rest/target/maven-status/maven-compiler-plugin/compile/default-compile/(in = 0) (out= 0)(stored 0%)
adding: rest/target/maven-status/maven-compiler-plugin/compile/default-compile/inputFiles.lst(in = 182) (out= 93)(deflated 48%)
adding: rest/target/maven-status/maven-compiler-plugin/compile/default-compile/createdFiles.lst(in = 224) (out= 87)(deflated 61%)
adding: rest/target/maven-status/maven-compiler-plugin/testCompile/(in = 0) (out= 0)(stored 0%)
adding: rest/target/maven-status/maven-compiler-plugin/testCompile/default-testCompile/(in = 0) (out= 0)(stored 0%)
adding: rest/target/maven-status/maven-compiler-plugin/testCompile/default-testCompile/inputFiles.lst(in = 464) (out= 118)(deflated 74%)
adding: rest/target/maven-status/maven-compiler-plugin/testCompile/default-testCompile/createdFiles.lst(in = 694) (out= 125)(deflated 81%)
adding: rest/target/surefire-reports/(in = 0) (out= 0)(stored 0%)
adding: rest/target/surefire-reports/com.yahoo.ycsb.webservice.rest.IntegrationTest.txt(in = 21948) (out= 1066)(deflated 95%)
adding: rest/target/surefire-reports/TEST-com.yahoo.ycsb.webservice.rest.IntegrationTest.xml(in = 46705) (out= 3468)(deflated 92%)
adding: rest/target/surefire-reports/TEST-com.yahoo.ycsb.webservice.rest.RestClientTest.xml(in = 50125) (out= 3626)(deflated 92%)
adding: rest/target/surefire-reports/com.yahoo.ycsb.webservice.rest.RestClientTest.txt(in = 36436) (out= 1349)(deflated 96%)
adding: rest/target/test-classes/(in = 0) (out= 0)(stored 0%)
adding: rest/target/test-classes/error_trace.txt(in = 16) (out= 18)(deflated -12%)
adding: rest/target/test-classes/com/(in = 0) (out= 0)(stored 0%)
adding: rest/target/test-classes/com/yahoo/(in = 0) (out= 0)(stored 0%)
adding: rest/target/test-classes/com/yahoo/ycsb/(in = 0) (out= 0)(stored 0%)
adding: rest/target/test-classes/com/yahoo/ycsb/webservice/(in = 0) (out= 0)(stored 0%)
adding: rest/target/test-classes/com/yahoo/ycsb/webservice/rest/(in = 0) (out= 0)(stored 0%)
adding: rest/target/test-classes/com/yahoo/ycsb/webservice/rest/ResourceLoader.class(in = 780) (out= 443)(deflated 43%)
adding: rest/target/test-classes/com/yahoo/ycsb/webservice/rest/Utils.class(in = 2163) (out= 1193)(deflated 44%)
adding: rest/target/test-classes/com/yahoo/ycsb/webservice/rest/RestTestResource.class(in = 2468) (out= 1039)(deflated 57%)
adding: rest/target/test-classes/com/yahoo/ycsb/webservice/rest/IntegrationTest$8.class(in = 1409) (out= 727)(deflated 48%)
adding: rest/target/test-classes/com/yahoo/ycsb/webservice/rest/IntegrationTest$1.class(in = 1402) (out= 717)(deflated 48%)
adding: rest/target/test-classes/com/yahoo/ycsb/webservice/rest/IntegrationTest$7.class(in = 1406) (out= 720)(deflated 48%)
adding: rest/target/test-classes/com/yahoo/ycsb/webservice/rest/IntegrationTest$4.class(in = 1409) (out= 729)(deflated 48%)
adding: rest/target/test-classes/com/yahoo/ycsb/webservice/rest/IntegrationTest$2.class(in = 1405) (out= 718)(deflated 48%)
adding: rest/target/test-classes/com/yahoo/ycsb/webservice/rest/IntegrationTest$5.class(in = 1406) (out= 726)(deflated 48%)
adding: rest/target/test-classes/com/yahoo/ycsb/webservice/rest/IntegrationTest$6.class(in = 1409) (out= 730)(deflated 48%)
adding: rest/target/test-classes/com/yahoo/ycsb/webservice/rest/IntegrationTest.class(in = 6805) (out= 2877)(deflated 57%)
adding: rest/target/test-classes/com/yahoo/ycsb/webservice/rest/IntegrationTest$3.class(in = 1406) (out= 724)(deflated 48%)
adding: rest/target/test-classes/com/yahoo/ycsb/webservice/rest/RestClientTest.class(in = 7655) (out= 2954)(deflated 61%)
adding: rest/target/test-classes/trace.txt(in = 58) (out= 26)(deflated 55%)
adding: rest/target/test-classes/workload_rest(in = 4157) (out= 1158)(deflated 72%)
adding: rest/target/test-classes/WebContent/(in = 0) (out= 0)(stored 0%)
adding: rest/target/test-classes/WebContent/index.html(in = 803) (out= 497)(deflated 38%)
adding: rest/target/test-classes/results.txt(in = 388) (out= 136)(deflated 64%)
adding: rest/target/generated-test-sources/(in = 0) (out= 0)(stored 0%)
adding: rest/target/generated-test-sources/test-annotations/(in = 0) (out= 0)(stored 0%)
adding: rest/target/generated-sources/(in = 0) (out= 0)(stored 0%)
adding: rest/target/generated-sources/annotations/(in = 0) (out= 0)(stored 0%)
adding: rest/target/classes/(in = 0) (out= 0)(stored 0%)
adding: rest/target/classes/com/(in = 0) (out= 0)(stored 0%)
adding: rest/target/classes/com/yahoo/(in = 0) (out= 0)(stored 0%)
adding: rest/target/classes/com/yahoo/ycsb/(in = 0) (out= 0)(stored 0%)
adding: rest/target/classes/com/yahoo/ycsb/webservice/(in = 0) (out= 0)(stored 0%)
adding: rest/target/classes/com/yahoo/ycsb/webservice/rest/(in = 0) (out= 0)(stored 0%)
adding: rest/target/classes/com/yahoo/ycsb/webservice/rest/RestClient$Timer.class(in = 1146) (out= 598)(deflated 47%)
adding: rest/target/classes/com/yahoo/ycsb/webservice/rest/RestClient$Criteria.class(in = 800) (out= 429)(deflated 46%)
adding: rest/target/classes/com/yahoo/ycsb/webservice/rest/RestClient$TimeoutException.class(in = 736) (out= 412)(deflated 44%)
adding: rest/target/classes/com/yahoo/ycsb/webservice/rest/RestClient.class(in = 15387) (out= 6397)(deflated 58%)
adding: rest/src/(in = 0) (out= 0)(stored 0%)
adding: rest/src/main/(in = 0) (out= 0)(stored 0%)
adding: rest/src/main/main18.iml(in = 677) (out= 318)(deflated 53%)
adding: rest/src/main/java/(in = 0) (out= 0)(stored 0%)
adding: rest/src/main/java/com/(in = 0) (out= 0)(stored 0%)
adding: rest/src/main/java/com/yahoo/(in = 0) (out= 0)(stored 0%)
adding: rest/src/main/java/com/yahoo/ycsb/(in = 0) (out= 0)(stored 0%)
adding: rest/src/main/java/com/yahoo/ycsb/webservice/(in = 0) (out= 0)(stored 0%)
adding: rest/src/main/java/com/yahoo/ycsb/webservice/rest/(in = 0) (out= 0)(stored 0%)
adding: rest/src/main/java/com/yahoo/ycsb/webservice/rest/package-info.java(in = 772) (out= 459)(deflated 40%)
adding: rest/src/main/java/com/yahoo/ycsb/webservice/rest/RestClient.java(in = 19560) (out= 4132)(deflated 78%)
adding: rest/src/main/main.iml(in = 588) (out= 288)(deflated 51%)
adding: rest/src/test/(in = 0) (out= 0)(stored 0%)
adding: rest/src/test/test.iml(in = 588) (out= 288)(deflated 51%)
adding: rest/src/test/java/(in = 0) (out= 0)(stored 0%)
adding: rest/src/test/java/com/(in = 0) (out= 0)(stored 0%)
adding: rest/src/test/java/com/yahoo/(in = 0) (out= 0)(stored 0%)
adding: rest/src/test/java/com/yahoo/ycsb/(in = 0) (out= 0)(stored 0%)
adding: rest/src/test/java/com/yahoo/ycsb/webservice/(in = 0) (out= 0)(stored 0%)
adding: rest/src/test/java/com/yahoo/ycsb/webservice/rest/(in = 0) (out= 0)(stored 0%)
adding: rest/src/test/java/com/yahoo/ycsb/webservice/rest/IntegrationTest.java(in = 9649) (out= 2210)(deflated 77%)
adding: rest/src/test/java/com/yahoo/ycsb/webservice/rest/ResourceLoader.java(in = 1151) (out= 624)(deflated 45%)
adding: rest/src/test/java/com/yahoo/ycsb/webservice/rest/RestClientTest.java(in = 8224) (out= 2085)(deflated 74%)
adding: rest/src/test/java/com/yahoo/ycsb/webservice/rest/RestTestResource.java(in = 2302) (out= 893)(deflated 61%)
adding: rest/src/test/java/com/yahoo/ycsb/webservice/rest/Utils.java(in = 2290) (out= 928)(deflated 59%)
adding: rest/src/test/resources/(in = 0) (out= 0)(stored 0%)
adding: rest/src/test/resources/error_trace.txt(in = 16) (out= 18)(deflated -12%)
adding: rest/src/test/resources/trace.txt(in = 58) (out= 26)(deflated 55%)
adding: rest/src/test/resources/workload_rest(in = 4157) (out= 1158)(deflated 72%)
adding: rest/src/test/resources/WebContent/(in = 0) (out= 0)(stored 0%)
adding: rest/src/test/resources/WebContent/index.html(in = 803) (out= 497)(deflated 38%)
adding: rest/src/test/test2.iml(in = 676) (out= 318)(deflated 52%)
adding: result.txt(in = 109) (out= 78)(deflated 28%)
adding: root.iml(in = 1381) (out= 489)(deflated 64%)
adding: tomcat.sh(in = 369) (out= 227)(deflated 38%)
